<?xml version="1.0" encoding="UTF-8"?>
<!-- Generated by org.testng.reporters.JUnitReportReporter -->
<testsuite hostname="DESKTOP-8Q5BL0R" failures="0" tests="1" name="Testscript.CTest" time="8.225" errors="0" timestamp="2024-07-14T18:32:51 IST" skipped="0">
  <testcase classname="Testscript.CTest" name="m3" time="8.225"/>
  <system-out/>
</testsuite> <!-- Testscript.CTest -->
